[debug] [2024-01-23T06:31:48.408Z] ----------------------------------------------------------------------
[debug] [2024-01-23T06:31:48.410Z] Command:       C:\Program Files\nodejs\node.exe C:\Users\USER\AppData\Roaming\npm\node_modules\firebase-tools\lib\bin\firebase.js init
[debug] [2024-01-23T06:31:48.410Z] CLI Version:   13.0.3
[debug] [2024-01-23T06:31:48.411Z] Platform:      win32
[debug] [2024-01-23T06:31:48.411Z] Node Version:  v18.15.0
[debug] [2024-01-23T06:31:48.412Z] Time:          Tue Jan 23 2024 12:01:48 GMT+0530 (India Standard Time)
[debug] [2024-01-23T06:31:48.412Z] ----------------------------------------------------------------------
[debug] 
[debug] [2024-01-23T06:31:48.419Z] > command requires scopes: ["email","openid","https://www.googleapis.com/auth/cloudplatformprojects.readonly","https://www.googleapis.com/auth/firebase","https://www.googleapis.com/auth/cloud-platform"]
[debug] [2024-01-23T06:31:48.420Z] > authorizing via signed-in user (shivanshusingh.aitp@gmail.com)
[info] 
     ######## #### ########  ######## ########     ###     ######  ########
     ##        ##  ##     ## ##       ##     ##  ##   ##  ##       ##
     ######    ##  ########  ######   ########  #########  ######  ######
     ##        ##  ##    ##  ##       ##     ## ##     ##       ## ##
     ##       #### ##     ## ######## ########  ##     ##  ######  ########

You're about to initialize a Firebase project in this directory:

  D:\Volume D\React js\dwebbox\manzad_shills_website_frontend

[info] 
=== Project Setup
[info] 
[info] First, let's associate this project directory with a Firebase project.
[info] You can create multiple project aliases by running firebase use --add, 
[info] but for now we'll just set up a default project.
[info] 
[debug] [2024-01-23T06:31:55.035Z] >>> [apiv2][query] GET https://firebase.googleapis.com/v1beta1/projects pageSize=100
[debug] [2024-01-23T06:31:55.681Z] <<< [apiv2][status] GET https://firebase.googleapis.com/v1beta1/projects 200
[debug] [2024-01-23T06:31:55.681Z] <<< [apiv2][body] GET https://firebase.googleapis.com/v1beta1/projects [omitted]
[info] i  Using project dwebboxhosting (Dwebboxhosting) 
[info] 
=== Hosting Setup
[debug] [2024-01-23T06:31:59.193Z] >>> [apiv2][query] GET https://firebase.googleapis.com/v1beta1/projects/dwebboxhosting [none]
[debug] [2024-01-23T06:31:59.632Z] <<< [apiv2][status] GET https://firebase.googleapis.com/v1beta1/projects/dwebboxhosting 200
[debug] [2024-01-23T06:31:59.632Z] <<< [apiv2][body] GET https://firebase.googleapis.com/v1beta1/projects/dwebboxhosting {"projectId":"dwebboxhosting","projectNumber":"907368236715","displayName":"Dwebboxhosting","name":"projects/dwebboxhosting","resources":{"hostingSite":"dwebboxhosting"},"state":"ACTIVE","etag":"1_83a545e8-a974-46c2-827e-91ae21a8eb56"}
[info] 
[info] Your public directory is the folder (relative to your project directory) that
[info] will contain Hosting assets to be uploaded with firebase deploy. If you
[info] have a build process for your assets, use your build's output directory.
[info] 
[debug] [2024-01-23T06:32:05.951Z] >>> [apiv2][query] GET https://www.gstatic.com/firebasejs/releases.json [none]
[debug] [2024-01-23T06:32:06.064Z] <<< [apiv2][status] GET https://www.gstatic.com/firebasejs/releases.json 200
[debug] [2024-01-23T06:32:06.064Z] <<< [apiv2][body] GET https://www.gstatic.com/firebasejs/releases.json {"current":{"version":"10.7.2","browserURL":"https://www.gstatic.com/firebasejs/10.7.2/firebase.js","packageURL":"https://www.gstatic.com/firebasejs/10.7.2/firebase.tgz"},"live":{"version":"10.7","browserURL":"https://www.gstatic.com/firebasejs/live/10.7/firebase.js","packageURL":"https://www.gstatic.com/firebasejs/live/10.7/firebase.tgz"},"components":{"analytics":"https://www.gstatic.com/firebasejs/10.7.2/firebase-analytics.js","app":"https://www.gstatic.com/firebasejs/10.7.2/firebase-app.js","app-check":"https://www.gstatic.com/firebasejs/10.7.2/firebase-app-check.js","auth":"https://www.gstatic.com/firebasejs/10.7.2/firebase-auth.js","auth/cordova":"https://www.gstatic.com/firebasejs/10.7.2/firebase-auth/cordova.js","functions":"https://www.gstatic.com/firebasejs/10.7.2/firebase-functions.js","firestore":"https://www.gstatic.com/firebasejs/10.7.2/firebase-firestore.js","firestore/lite":"https://www.gstatic.com/firebasejs/10.7.2/firebase-firestore/lite.js","installations":"https://www.gstatic.com/firebasejs/10.7.2/firebase-installations.js","storage":"https://www.gstatic.com/firebasejs/10.7.2/firebase-storage.js","performance":"https://www.gstatic.com/firebasejs/10.7.2/firebase-performance.js","remote-config":"https://www.gstatic.com/firebasejs/10.7.2/firebase-remote-config.js","messaging":"https://www.gstatic.com/firebasejs/10.7.2/firebase-messaging.js","messaging/sw":"https://www.gstatic.com/firebasejs/10.7.2/firebase-messaging/sw.js","database":"https://www.gstatic.com/firebasejs/10.7.2/firebase-database.js","firestore.memory":"https://www.gstatic.com/firebasejs/10.7.2/firebase-firestore.memory.js"}}
[info] +  Wrote build/index.html 
[info] 
[info] i  Detected a .git folder at D:\Volume D\React js\dwebbox\manzad_shills_website_frontend 
[info] i  Authorizing with GitHub to upload your service account to a GitHub repository's secrets store. 
[info] 
[info] Visit this URL on this device to log in:
[info] https://github.com/login/oauth/authorize?client_id=89cf50f02ac6aaed3484&state=746878325&redirect_uri=http%3A%2F%2Flocalhost%3A9005&scope=read%3Auser%20repo%20public_repo
[info] 
[info] Waiting for authentication...
[debug] [2024-01-23T06:32:08.090Z] >>> [apiv2][query] POST https://github.com/login/oauth/access_token [none]
[debug] [2024-01-23T06:32:08.090Z] >>> [apiv2][body] POST https://github.com/login/oauth/access_token [stream]
[debug] [2024-01-23T06:32:08.483Z] <<< [apiv2][status] POST https://github.com/login/oauth/access_token 200
[debug] [2024-01-23T06:32:08.484Z] <<< [apiv2][body] POST https://github.com/login/oauth/access_token {"access_token":"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","token_type":"bearer","scope":"read:user,repo"}
[debug] [2024-01-23T06:32:08.490Z] >>> [apiv2][query] GET https://api.github.com/user [none]
[debug] [2024-01-23T06:32:08.902Z] <<< [apiv2][status] GET https://api.github.com/user 200
[debug] [2024-01-23T06:32:08.903Z] <<< [apiv2][body] GET https://api.github.com/user {"login":"Shivanshu222-ui","id":145122197,"node_id":"U_kgDOCKZjlQ","avatar_url":"https://avatars.githubusercontent.com/u/145122197?v=4","gravatar_id":"","url":"https://api.github.com/users/Shivanshu222-ui","html_url":"https://github.com/Shivanshu222-ui","followers_url":"https://api.github.com/users/Shivanshu222-ui/followers","following_url":"https://api.github.com/users/Shivanshu222-ui/following{/other_user}","gists_url":"https://api.github.com/users/Shivanshu222-ui/gists{/gist_id}","starred_url":"https://api.github.com/users/Shivanshu222-ui/starred{/owner}{/repo}","subscriptions_url":"https://api.github.com/users/Shivanshu222-ui/subscriptions","organizations_url":"https://api.github.com/users/Shivanshu222-ui/orgs","repos_url":"https://api.github.com/users/Shivanshu222-ui/repos","events_url":"https://api.github.com/users/Shivanshu222-ui/events{/privacy}","received_events_url":"https://api.github.com/users/Shivanshu222-ui/received_events","type":"User","site_admin":false,"name":null,"company":null,"blog":"","location":null,"email":null,"hireable":null,"bio":null,"twitter_username":null,"public_repos":0,"public_gists":0,"followers":0,"following":0,"created_at":"2023-09-15T11:30:07Z","updated_at":"2024-01-23T06:30:08Z","private_gists":0,"total_private_repos":0,"owned_private_repos":0,"disk_usage":0,"collaborators":0,"two_factor_authentication":false,"plan":{"name":"free","space":976562499,"collaborators":0,"private_repos":10000}}
[info] 
[info] +  Success! Logged into GitHub as Shivanshu222-ui 
[info] 
[debug] [2024-01-23T06:32:28.086Z] >>> [apiv2][query] GET https://api.github.com/repos/Shivanshu222-ui/developer-dwebbox/manzad_shills_website_frontend/actions/secrets/public-key type=owner
[debug] [2024-01-23T06:32:28.656Z] <<< [apiv2][status] GET https://api.github.com/repos/Shivanshu222-ui/developer-dwebbox/manzad_shills_website_frontend/actions/secrets/public-key 404
[debug] [2024-01-23T06:32:28.657Z] <<< [apiv2][body] GET https://api.github.com/repos/Shivanshu222-ui/developer-dwebbox/manzad_shills_website_frontend/actions/secrets/public-key {"message":"Not Found","documentation_url":"https://docs.github.com/rest"}
[info] 
[info] 
[error] !  The provided authorization cannot be used with this repository. If this repository is in an organization, did you remember to grant access? 
[info] 
[info] i  Action required: Visit this URL to ensure access has been granted to the appropriate organization(s) for the Firebase CLI GitHub OAuth App: 
[info] https://github.com/settings/connections/applications/89cf50f02ac6aaed3484
[info] 
[debug] [2024-01-23T06:32:41.292Z] >>> [apiv2][query] GET https://api.github.com/repos/Shivanshu222-ui/developer-dwebbox/manzad_shills_website_frontend/actions/secrets/public-key type=owner
[debug] [2024-01-23T06:32:41.649Z] <<< [apiv2][status] GET https://api.github.com/repos/Shivanshu222-ui/developer-dwebbox/manzad_shills_website_frontend/actions/secrets/public-key 404
[debug] [2024-01-23T06:32:41.649Z] <<< [apiv2][body] GET https://api.github.com/repos/Shivanshu222-ui/developer-dwebbox/manzad_shills_website_frontend/actions/secrets/public-key {"message":"Not Found","documentation_url":"https://docs.github.com/rest"}
[info] 
[info] 
[error] !  The provided authorization cannot be used with this repository. If this repository is in an organization, did you remember to grant access? 
[info] 
[info] i  Action required: Visit this URL to ensure access has been granted to the appropriate organization(s) for the Firebase CLI GitHub OAuth App: 
[info] https://github.com/settings/connections/applications/89cf50f02ac6aaed3484
[info] 
[debug] [2024-01-24T12:02:39.970Z] ----------------------------------------------------------------------
[debug] [2024-01-24T12:02:39.973Z] Command:       C:\Program Files\nodejs\node.exe C:\Users\USER\AppData\Roaming\npm\node_modules\firebase-tools\lib\bin\firebase.js init
[debug] [2024-01-24T12:02:39.973Z] CLI Version:   13.0.3
[debug] [2024-01-24T12:02:39.973Z] Platform:      win32
[debug] [2024-01-24T12:02:39.973Z] Node Version:  v18.15.0
[debug] [2024-01-24T12:02:39.981Z] Time:          Wed Jan 24 2024 17:32:39 GMT+0530 (India Standard Time)
[debug] [2024-01-24T12:02:39.981Z] ----------------------------------------------------------------------
[debug] 
[debug] [2024-01-24T12:02:40.004Z] > command requires scopes: ["email","openid","https://www.googleapis.com/auth/cloudplatformprojects.readonly","https://www.googleapis.com/auth/firebase","https://www.googleapis.com/auth/cloud-platform"]
[debug] [2024-01-24T12:02:40.004Z] > authorizing via signed-in user (shivanshusingh.aitp@gmail.com)
[info] 
     ######## #### ########  ######## ########     ###     ######  ########
     ##        ##  ##     ## ##       ##     ##  ##   ##  ##       ##
     ######    ##  ########  ######   ########  #########  ######  ######
     ##        ##  ##    ##  ##       ##     ## ##     ##       ## ##
     ##       #### ##     ## ######## ########  ##     ##  ######  ########

You're about to initialize a Firebase project in this directory:

  D:\Volume D\React js\dwebbox\manzad_shills_website_frontend

[info] 
=== Project Setup
[info] 
[info] First, let's associate this project directory with a Firebase project.
[info] You can create multiple project aliases by running firebase use --add, 
[info] but for now we'll just set up a default project.
[info] 
[debug] [2024-01-24T12:03:09.230Z] > refreshing access token with scopes: []
[debug] [2024-01-24T12:03:09.232Z] >>> [apiv2][query] POST https://www.googleapis.com/oauth2/v3/token [none]
[debug] [2024-01-24T12:03:09.232Z] >>> [apiv2][body] POST https://www.googleapis.com/oauth2/v3/token [omitted]
[debug] [2024-01-24T12:03:09.537Z] <<< [apiv2][status] POST https://www.googleapis.com/oauth2/v3/token 200
[debug] [2024-01-24T12:03:09.537Z] <<< [apiv2][body] POST https://www.googleapis.com/oauth2/v3/token [omitted]
[debug] [2024-01-24T12:03:09.565Z] >>> [apiv2][query] GET https://firebase.googleapis.com/v1beta1/projects pageSize=100
[debug] [2024-01-24T12:03:10.275Z] <<< [apiv2][status] GET https://firebase.googleapis.com/v1beta1/projects 200
[debug] [2024-01-24T12:03:10.275Z] <<< [apiv2][body] GET https://firebase.googleapis.com/v1beta1/projects [omitted]
[info] i  Using project dwebboxhosting (Dwebboxhosting) 
[info] 
=== Hosting Setup
[debug] [2024-01-24T12:03:23.309Z] >>> [apiv2][query] GET https://firebase.googleapis.com/v1beta1/projects/dwebboxhosting [none]
[debug] [2024-01-24T12:03:23.737Z] <<< [apiv2][status] GET https://firebase.googleapis.com/v1beta1/projects/dwebboxhosting 200
[debug] [2024-01-24T12:03:23.737Z] <<< [apiv2][body] GET https://firebase.googleapis.com/v1beta1/projects/dwebboxhosting {"projectId":"dwebboxhosting","projectNumber":"907368236715","displayName":"Dwebboxhosting","name":"projects/dwebboxhosting","resources":{"hostingSite":"dwebboxhosting"},"state":"ACTIVE","etag":"1_b76aa86b-9caf-4fc0-bd83-b98769ae5400"}
[info] 
[info] Your public directory is the folder (relative to your project directory) that
[info] will contain Hosting assets to be uploaded with firebase deploy. If you
[info] have a build process for your assets, use your build's output directory.
[info] 
[debug] [2024-01-24T12:03:29.466Z] >>> [apiv2][query] GET https://www.gstatic.com/firebasejs/releases.json [none]
[debug] [2024-01-24T12:03:29.597Z] <<< [apiv2][status] GET https://www.gstatic.com/firebasejs/releases.json 200
[debug] [2024-01-24T12:03:29.597Z] <<< [apiv2][body] GET https://www.gstatic.com/firebasejs/releases.json {"current":{"version":"10.7.2","browserURL":"https://www.gstatic.com/firebasejs/10.7.2/firebase.js","packageURL":"https://www.gstatic.com/firebasejs/10.7.2/firebase.tgz"},"live":{"version":"10.7","browserURL":"https://www.gstatic.com/firebasejs/live/10.7/firebase.js","packageURL":"https://www.gstatic.com/firebasejs/live/10.7/firebase.tgz"},"components":{"analytics":"https://www.gstatic.com/firebasejs/10.7.2/firebase-analytics.js","app":"https://www.gstatic.com/firebasejs/10.7.2/firebase-app.js","app-check":"https://www.gstatic.com/firebasejs/10.7.2/firebase-app-check.js","auth":"https://www.gstatic.com/firebasejs/10.7.2/firebase-auth.js","auth/cordova":"https://www.gstatic.com/firebasejs/10.7.2/firebase-auth/cordova.js","functions":"https://www.gstatic.com/firebasejs/10.7.2/firebase-functions.js","firestore":"https://www.gstatic.com/firebasejs/10.7.2/firebase-firestore.js","firestore/lite":"https://www.gstatic.com/firebasejs/10.7.2/firebase-firestore/lite.js","installations":"https://www.gstatic.com/firebasejs/10.7.2/firebase-installations.js","storage":"https://www.gstatic.com/firebasejs/10.7.2/firebase-storage.js","performance":"https://www.gstatic.com/firebasejs/10.7.2/firebase-performance.js","remote-config":"https://www.gstatic.com/firebasejs/10.7.2/firebase-remote-config.js","messaging":"https://www.gstatic.com/firebasejs/10.7.2/firebase-messaging.js","messaging/sw":"https://www.gstatic.com/firebasejs/10.7.2/firebase-messaging/sw.js","database":"https://www.gstatic.com/firebasejs/10.7.2/firebase-database.js","firestore.memory":"https://www.gstatic.com/firebasejs/10.7.2/firebase-firestore.memory.js"}}
[info] +  Wrote build/index.html 
[info] 
[info] i  Detected a .git folder at D:\Volume D\React js\dwebbox\manzad_shills_website_frontend 
[info] i  Authorizing with GitHub to upload your service account to a GitHub repository's secrets store. 
[info] 
[info] Visit this URL on this device to log in:
[info] https://github.com/login/oauth/authorize?client_id=89cf50f02ac6aaed3484&state=1072037280&redirect_uri=http%3A%2F%2Flocalhost%3A9005&scope=read%3Auser%20repo%20public_repo
[info] 
[info] Waiting for authentication...
[debug] [2024-01-24T12:03:33.208Z] >>> [apiv2][query] POST https://github.com/login/oauth/access_token [none]
[debug] [2024-01-24T12:03:33.208Z] >>> [apiv2][body] POST https://github.com/login/oauth/access_token [stream]
[debug] [2024-01-24T12:03:33.618Z] <<< [apiv2][status] POST https://github.com/login/oauth/access_token 200
[debug] [2024-01-24T12:03:33.618Z] <<< [apiv2][body] POST https://github.com/login/oauth/access_token {"access_token":"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","token_type":"bearer","scope":"read:user,repo"}
[debug] [2024-01-24T12:03:33.634Z] >>> [apiv2][query] GET https://api.github.com/user [none]
[debug] [2024-01-24T12:03:34.114Z] <<< [apiv2][status] GET https://api.github.com/user 200
[debug] [2024-01-24T12:03:34.114Z] <<< [apiv2][body] GET https://api.github.com/user {"login":"Shivanshu222-ui","id":145122197,"node_id":"U_kgDOCKZjlQ","avatar_url":"https://avatars.githubusercontent.com/u/145122197?v=4","gravatar_id":"","url":"https://api.github.com/users/Shivanshu222-ui","html_url":"https://github.com/Shivanshu222-ui","followers_url":"https://api.github.com/users/Shivanshu222-ui/followers","following_url":"https://api.github.com/users/Shivanshu222-ui/following{/other_user}","gists_url":"https://api.github.com/users/Shivanshu222-ui/gists{/gist_id}","starred_url":"https://api.github.com/users/Shivanshu222-ui/starred{/owner}{/repo}","subscriptions_url":"https://api.github.com/users/Shivanshu222-ui/subscriptions","organizations_url":"https://api.github.com/users/Shivanshu222-ui/orgs","repos_url":"https://api.github.com/users/Shivanshu222-ui/repos","events_url":"https://api.github.com/users/Shivanshu222-ui/events{/privacy}","received_events_url":"https://api.github.com/users/Shivanshu222-ui/received_events","type":"User","site_admin":false,"name":null,"company":null,"blog":"","location":null,"email":null,"hireable":null,"bio":null,"twitter_username":null,"public_repos":0,"public_gists":0,"followers":0,"following":0,"created_at":"2023-09-15T11:30:07Z","updated_at":"2024-01-24T12:00:25Z","private_gists":0,"total_private_repos":0,"owned_private_repos":0,"disk_usage":0,"collaborators":0,"two_factor_authentication":false,"plan":{"name":"free","space":976562499,"collaborators":0,"private_repos":10000}}
[info] 
[info] +  Success! Logged into GitHub as Shivanshu222-ui 
[info] 
[debug] [2024-01-24T12:04:05.667Z] >>> [apiv2][query] GET https://api.github.com/repos/Shivanshu222-ui/developer-dwebbox/manzad_shills_website_frontend/actions/secrets/public-key type=owner
[debug] [2024-01-24T12:04:06.042Z] <<< [apiv2][status] GET https://api.github.com/repos/Shivanshu222-ui/developer-dwebbox/manzad_shills_website_frontend/actions/secrets/public-key 404
[debug] [2024-01-24T12:04:06.042Z] <<< [apiv2][body] GET https://api.github.com/repos/Shivanshu222-ui/developer-dwebbox/manzad_shills_website_frontend/actions/secrets/public-key {"message":"Not Found","documentation_url":"https://docs.github.com/rest"}
[info] 
[info] 
[error] !  The provided authorization cannot be used with this repository. If this repository is in an organization, did you remember to grant access? 
[info] 
[info] i  Action required: Visit this URL to ensure access has been granted to the appropriate organization(s) for the Firebase CLI GitHub OAuth App: 
[info] https://github.com/settings/connections/applications/89cf50f02ac6aaed3484
[info] 
